<?xml version="1.0" encoding="UTF-8"?>
<!-- Generated by org.testng.reporters.JUnitXMLReporter -->
<testsuite ignored="2" hostname="Silpas-MacBook-Air.local" failures="0" tests="2" name="UserLoginTest" time="38.682" errors="0" timestamp="2024-10-15T01:54:37 IST">
  <testcase classname="com.w2a.testcases.UserLoginTest" name="userLoginTest" time="20.131"/>
  <testcase classname="com.w2a.testcases.ProjectCreationTest" name="projectCreationTest" time="17.61"/>
  <testcase classname="com.w2a.base.TestBase" name="@AfterSuite tearDown" time="0.0">
    <ignored/>
  </testcase> <!-- @AfterSuite tearDown -->
  <testcase classname="com.w2a.base.TestBase" name="@BeforeSuite setUp" time="0.0">
    <ignored/>
  </testcase> <!-- @BeforeSuite setUp -->
</testsuite> <!-- UserLoginTest -->
