<?xml version="1.0" encoding="UTF-8"?>
<!-- Generated by org.testng.reporters.JUnitXMLReporter -->
<testsuite ignored="6" hostname="Silpas-MacBook-Air.local" failures="1" tests="4" name="zipBoardAutomationTest" time="135.656" errors="0" timestamp="2024-10-15T04:50:34 IST">
  <testcase classname="com.w2a.testcases.UserLoginTest" name="userLoginTest" time="32.748"/>
  <testcase classname="com.w2a.testcases.ProjectCreationTest" name="projectCreationTest" time="23.034"/>
  <testcase classname="com.w2a.testcases.TaskCreationTest" name="taskCreationTest" time="38.837"/>
  <testcase classname="com.w2a.testcases.ProjectDeletionTest" name="projectDeletionTest" time="32.498">
    <failure type="java.lang.Error" message="Specified Project Id didn&amp;apos;t got deleted from Table">
      <![CDATA[java.lang.Error: Specified Project Id didn't got deleted from Table
at com.w2a.testcases.ProjectDeletionTest.projectDeletionTest(ProjectDeletionTest.java:85)
at java.base/java.util.ArrayList.forEach(ArrayList.java:1597)
... Removed 25 stack frames]]>
    </failure>
  </testcase> <!-- projectDeletionTest -->
  <testcase classname="com.w2a.base.TestBase" name="@AfterSuite tearDown" time="0.0">
    <ignored/>
  </testcase> <!-- @AfterSuite tearDown -->
  <testcase classname="com.w2a.base.TestBase" name="@AfterSuite tearDown" time="0.0">
    <ignored/>
  </testcase> <!-- @AfterSuite tearDown -->
  <testcase classname="com.w2a.base.TestBase" name="@AfterSuite tearDown" time="0.0">
    <ignored/>
  </testcase> <!-- @AfterSuite tearDown -->
  <testcase classname="com.w2a.base.TestBase" name="@BeforeSuite setUp" time="0.0">
    <ignored/>
  </testcase> <!-- @BeforeSuite setUp -->
  <testcase classname="com.w2a.base.TestBase" name="@BeforeSuite setUp" time="0.0">
    <ignored/>
  </testcase> <!-- @BeforeSuite setUp -->
  <testcase classname="com.w2a.base.TestBase" name="@BeforeSuite setUp" time="0.0">
    <ignored/>
  </testcase> <!-- @BeforeSuite setUp -->
</testsuite> <!-- zipBoardAutomationTest -->
