<?xml version="1.0" encoding="UTF-8"?>
<!-- Generated by org.testng.reporters.JUnitXMLReporter -->
<testsuite ignored="0" hostname="Silpas-MacBook-Air.local" failures="1" tests="1" name="AddCustomerTest" time="0.026" errors="0" timestamp="2024-10-07T11:23:52 IST">
  <testcase classname="com.w2a.testcases.AddCustomerTest" name="addCustomer" time="0.021">
    <failure type="org.testng.internal.reflect.MethodMatcherException" message="
[public void com.w2a.testcases.AddCustomerTest.addCustomer(java.lang.String,java.lang.String,java.lang.String,java.lang.String) throws java.lang.InterruptedException] has no parameters defined but was found to be using a data provider (either explicitly specified or inherited from class level annotation).
Data provider mismatch
Method: addCustomer([Parameter{index=0, type=java.lang.String, declaredAnnotations=[]}, Parameter{index=1, type=java.lang.String, declaredAnnotations=[]}, Parameter{index=2, type=java.lang.String, declaredAnnotations=[]}, Parameter{index=3, type=java.lang.String, declaredAnnotations=[]}])
Arguments: [(java.lang.String) Raman,(java.lang.String) Arora,(java.lang.String) A234wd]">
      <![CDATA[org.testng.internal.reflect.MethodMatcherException: 
[public void com.w2a.testcases.AddCustomerTest.addCustomer(java.lang.String,java.lang.String,java.lang.String,java.lang.String) throws java.lang.InterruptedException] has no parameters defined but was found to be using a data provider (either explicitly specified or inherited from class level annotation).
Data provider mismatch
Method: addCustomer([Parameter{index=0, type=java.lang.String, declaredAnnotations=[]}, Parameter{index=1, type=java.lang.String, declaredAnnotations=[]}, Parameter{index=2, type=java.lang.String, declaredAnnotations=[]}, Parameter{index=3, type=java.lang.String, declaredAnnotations=[]}])
Arguments: [(java.lang.String) Raman,(java.lang.String) Arora,(java.lang.String) A234wd]
at java.base/java.util.ArrayList.forEach(ArrayList.java:1597)
... Removed 22 stack frames]]>
    </failure>
  </testcase> <!-- addCustomer -->
</testsuite> <!-- AddCustomerTest -->
