<?xml version="1.0" encoding="UTF-8"?>
<testng-results ignored="6" total="10" passed="3" failed="1" skipped="0">
  <reporter-output>
    <line>
      <![CDATA[Enter username  ]]>
    </line>
    <line>
      <![CDATA[Enter password  ]]>
    </line>
    <line>
      <![CDATA[Click login button ]]>
    </line>
    <line>
      <![CDATA[Checking navigated to Home Page ]]>
    </line>
    <line>
      <![CDATA[Navigated to Home Page ]]>
    </line>
    <line>
      <![CDATA[Click to see screenshot]]>
    </line>
    <line>
      <![CDATA[<a target="_blank" href=Tue_Oct_15_04_48_51_IST_2024.jpg>Screenshot</a>]]>
    </line>
    <line>
      <![CDATA[<br>]]>
    </line>
    <line>
      <![CDATA[<br>]]>
    </line>
    <line>
      <![CDATA[<a target="_blank" href=Tue_Oct_15_04_48_51_IST_2024.jpg><img src=Tue_Oct_15_04_48_51_IST_2024.jpg></a>]]>
    </line>
    <line>
      <![CDATA[Click create Project button ]]>
    </line>
    <line>
      <![CDATA[Checking pop-up appeared  ]]>
    </line>
    <line>
      <![CDATA[Pop-up appeared to enter details of new Project]]>
    </line>
    <line>
      <![CDATA[Enter new Project Id]]>
    </line>
    <line>
      <![CDATA[Enter new Project Title]]>
    </line>
    <line>
      <![CDATA[Enter new Project Description]]>
    </line>
    <line>
      <![CDATA[Click Project save button ]]>
    </line>
    <line>
      <![CDATA[Check project is created ]]>
    </line>
    <line>
      <![CDATA[New Project is created successfully]]>
    </line>
    <line>
      <![CDATA[Click to see screenshot]]>
    </line>
    <line>
      <![CDATA[<a target="_blank" href=Tue_Oct_15_04_49_15_IST_2024.jpg>Screenshot</a>]]>
    </line>
    <line>
      <![CDATA[<br>]]>
    </line>
    <line>
      <![CDATA[<br>]]>
    </line>
    <line>
      <![CDATA[<a target="_blank" href=Tue_Oct_15_04_49_15_IST_2024.jpg><img src=Tue_Oct_15_04_49_15_IST_2024.jpg></a>]]>
    </line>
    <line>
      <![CDATA[Click on Task nav-bar button ]]>
    </line>
    <line>
      <![CDATA[Click on add Task button ]]>
    </line>
    <line>
      <![CDATA[Checking pop-up appeared  ]]>
    </line>
    <line>
      <![CDATA[Pop-up appeared to enter details of new task]]>
    </line>
    <line>
      <![CDATA[Enter new Task Title]]>
    </line>
    <line>
      <![CDATA[Click on add Title button ]]>
    </line>
    <line>
      <![CDATA[Enter new Task Description]]>
    </line>
    <line>
      <![CDATA[Click on Task Status drop down button ]]>
    </line>
    <line>
      <![CDATA[Select Task Status ]]>
    </line>
    <line>
      <![CDATA[Click on Task Type drop down button ]]>
    </line>
    <line>
      <![CDATA[Select Task Type ]]>
    </line>
    <line>
      <![CDATA[Click on Task Priority drop down button ]]>
    </line>
    <line>
      <![CDATA[Select Task Priority ]]>
    </line>
    <line>
      <![CDATA[Click on Task Close button ]]>
    </line>
    <line>
      <![CDATA[Check task is created ]]>
    </line>
    <line>
      <![CDATA[New Task is created successfully]]>
    </line>
    <line>
      <![CDATA[Click to see screenshot]]>
    </line>
    <line>
      <![CDATA[<a target="_blank" href=Tue_Oct_15_04_49_54_IST_2024.jpg>Screenshot</a>]]>
    </line>
    <line>
      <![CDATA[<br>]]>
    </line>
    <line>
      <![CDATA[<br>]]>
    </line>
    <line>
      <![CDATA[<a target="_blank" href=Tue_Oct_15_04_49_54_IST_2024.jpg><img src=Tue_Oct_15_04_49_54_IST_2024.jpg></a>]]>
    </line>
    <line>
      <![CDATA[Click on Project Navigation bar ]]>
    </line>
    <line>
      <![CDATA[Waiting for project page to load ]]>
    </line>
    <line>
      <![CDATA[Click on nav-bar to display the view of projects]]>
    </line>
    <line>
      <![CDATA[Enter Project Id in search bar]]>
    </line>
    <line>
      <![CDATA[Specified Project Id is  displayed in Table]]>
    </line>
    <line>
      <![CDATA[Click on Project delete button ]]>
    </line>
    <line>
      <![CDATA[Click Project delete button ]]>
    </line>
    <line>
      <![CDATA[Checking project is deleted from table ]]>
    </line>
    <line>
      <![CDATA[Enter Project Id in search bar]]>
    </line>
    <line>
      <![CDATA[Specified Project Id didn't got deleted from Table]]>
    </line>
    <line>
      <![CDATA[Click to see screenshot]]>
    </line>
    <line>
      <![CDATA[<a target="_blank" href=Tue_Oct_15_04_50_33_IST_2024.jpg>Screenshot</a>]]>
    </line>
    <line>
      <![CDATA[<br>]]>
    </line>
    <line>
      <![CDATA[<br>]]>
    </line>
    <line>
      <![CDATA[<a target="_blank" href=Tue_Oct_15_04_50_33_IST_2024.jpg><img src=Tue_Oct_15_04_50_33_IST_2024.jpg></a>]]>
    </line>
  </reporter-output>
  <suite started-at="2024-10-15T04:48:18 IST" name="zipBoardTestAutomationFramework" finished-at="2024-10-15T04:50:34 IST" duration-ms="135656">
    <groups>
    </groups>
    <test started-at="2024-10-15T04:48:18 IST" name="zipBoardAutomationTest" finished-at="2024-10-15T04:50:34 IST" duration-ms="135656">
      <class name="com.w2a.testcases.TaskCreationTest">
        <test-method signature="taskCreationTest(java.lang.String,java.lang.String,java.lang.String,java.lang.String,java.lang.String)[pri:0, instance:com.w2a.testcases.TaskCreationTest@3f2ef586]" started-at="2024-10-15T04:49:15 IST" name="taskCreationTest" data-provider="dataProvider" finished-at="2024-10-15T04:49:54 IST" duration-ms="38837" status="PASS">
          <params>
            <param index="0">
              <value>
                <![CDATA[Task01-Test05]]>
              </value>
            </param>
            <param index="1">
              <value>
                <![CDATA[Checking task creation of Test-5]]>
              </value>
            </param>
            <param index="2">
              <value>
                <![CDATA[In Progress]]>
              </value>
            </param>
            <param index="3">
              <value>
                <![CDATA[Bug]]>
              </value>
            </param>
            <param index="4">
              <value>
                <![CDATA[High]]>
              </value>
            </param>
          </params>
          <reporter-output>
            <line>
              <![CDATA[Click on Task nav-bar button ]]>
            </line>
            <line>
              <![CDATA[Click on add Task button ]]>
            </line>
            <line>
              <![CDATA[Checking pop-up appeared  ]]>
            </line>
            <line>
              <![CDATA[Pop-up appeared to enter details of new task]]>
            </line>
            <line>
              <![CDATA[Enter new Task Title]]>
            </line>
            <line>
              <![CDATA[Click on add Title button ]]>
            </line>
            <line>
              <![CDATA[Enter new Task Description]]>
            </line>
            <line>
              <![CDATA[Click on Task Status drop down button ]]>
            </line>
            <line>
              <![CDATA[Select Task Status ]]>
            </line>
            <line>
              <![CDATA[Click on Task Type drop down button ]]>
            </line>
            <line>
              <![CDATA[Select Task Type ]]>
            </line>
            <line>
              <![CDATA[Click on Task Priority drop down button ]]>
            </line>
            <line>
              <![CDATA[Select Task Priority ]]>
            </line>
            <line>
              <![CDATA[Click on Task Close button ]]>
            </line>
            <line>
              <![CDATA[Check task is created ]]>
            </line>
            <line>
              <![CDATA[New Task is created successfully]]>
            </line>
            <line>
              <![CDATA[Click to see screenshot]]>
            </line>
            <line>
              <![CDATA[<a target="_blank" href=Tue_Oct_15_04_49_54_IST_2024.jpg>Screenshot</a>]]>
            </line>
            <line>
              <![CDATA[<br>]]>
            </line>
            <line>
              <![CDATA[<br>]]>
            </line>
            <line>
              <![CDATA[<a target="_blank" href=Tue_Oct_15_04_49_54_IST_2024.jpg><img src=Tue_Oct_15_04_49_54_IST_2024.jpg></a>]]>
            </line>
          </reporter-output>
        </test-method> <!-- taskCreationTest -->
      </class> <!-- com.w2a.testcases.TaskCreationTest -->
      <class name="com.w2a.testcases.UserLoginTest">
        <test-method is-config="true" signature="setUp()[pri:0, instance:com.w2a.testcases.UserLoginTest@55795845]" started-at="2024-10-15T04:47:57 IST" name="setUp" finished-at="2024-10-15T04:48:18 IST" duration-ms="21127" status="PASS">
          <reporter-output>
          </reporter-output>
        </test-method> <!-- setUp -->
        <test-method signature="userLoginTest(java.lang.String,java.lang.String)[pri:0, instance:com.w2a.testcases.UserLoginTest@55795845]" started-at="2024-10-15T04:48:18 IST" name="userLoginTest" data-provider="dataProvider" finished-at="2024-10-15T04:48:51 IST" duration-ms="32748" status="PASS">
          <params>
            <param index="0">
              <value>
                <![CDATA[sajusilpa@gmail.com]]>
              </value>
            </param>
            <param index="1">
              <value>
                <![CDATA[zipB0@rd@1234567]]>
              </value>
            </param>
          </params>
          <reporter-output>
            <line>
              <![CDATA[Enter username  ]]>
            </line>
            <line>
              <![CDATA[Enter password  ]]>
            </line>
            <line>
              <![CDATA[Click login button ]]>
            </line>
            <line>
              <![CDATA[Checking navigated to Home Page ]]>
            </line>
            <line>
              <![CDATA[Navigated to Home Page ]]>
            </line>
            <line>
              <![CDATA[Click to see screenshot]]>
            </line>
            <line>
              <![CDATA[<a target="_blank" href=Tue_Oct_15_04_48_51_IST_2024.jpg>Screenshot</a>]]>
            </line>
            <line>
              <![CDATA[<br>]]>
            </line>
            <line>
              <![CDATA[<br>]]>
            </line>
            <line>
              <![CDATA[<a target="_blank" href=Tue_Oct_15_04_48_51_IST_2024.jpg><img src=Tue_Oct_15_04_48_51_IST_2024.jpg></a>]]>
            </line>
          </reporter-output>
        </test-method> <!-- userLoginTest -->
        <test-method is-config="true" signature="tearDown()[pri:0, instance:com.w2a.testcases.UserLoginTest@55795845]" started-at="2024-10-15T04:50:34 IST" name="tearDown" finished-at="2024-10-15T04:50:34 IST" duration-ms="225" status="PASS">
          <reporter-output>
          </reporter-output>
        </test-method> <!-- tearDown -->
      </class> <!-- com.w2a.testcases.UserLoginTest -->
      <class name="com.w2a.testcases.ProjectCreationTest">
        <test-method signature="projectCreationTest(java.lang.String,java.lang.String,java.lang.String)[pri:0, instance:com.w2a.testcases.ProjectCreationTest@756cf158]" started-at="2024-10-15T04:48:52 IST" name="projectCreationTest" data-provider="dataProvider" finished-at="2024-10-15T04:49:15 IST" duration-ms="23034" status="PASS">
          <params>
            <param index="0">
              <value>
                <![CDATA[P00005]]>
              </value>
            </param>
            <param index="1">
              <value>
                <![CDATA[Test05]]>
              </value>
            </param>
            <param index="2">
              <value>
                <![CDATA[Testing Project Creations in zipBoard]]>
              </value>
            </param>
          </params>
          <reporter-output>
            <line>
              <![CDATA[Click create Project button ]]>
            </line>
            <line>
              <![CDATA[Checking pop-up appeared  ]]>
            </line>
            <line>
              <![CDATA[Pop-up appeared to enter details of new Project]]>
            </line>
            <line>
              <![CDATA[Enter new Project Id]]>
            </line>
            <line>
              <![CDATA[Enter new Project Title]]>
            </line>
            <line>
              <![CDATA[Enter new Project Description]]>
            </line>
            <line>
              <![CDATA[Click Project save button ]]>
            </line>
            <line>
              <![CDATA[Check project is created ]]>
            </line>
            <line>
              <![CDATA[New Project is created successfully]]>
            </line>
            <line>
              <![CDATA[Click to see screenshot]]>
            </line>
            <line>
              <![CDATA[<a target="_blank" href=Tue_Oct_15_04_49_15_IST_2024.jpg>Screenshot</a>]]>
            </line>
            <line>
              <![CDATA[<br>]]>
            </line>
            <line>
              <![CDATA[<br>]]>
            </line>
            <line>
              <![CDATA[<a target="_blank" href=Tue_Oct_15_04_49_15_IST_2024.jpg><img src=Tue_Oct_15_04_49_15_IST_2024.jpg></a>]]>
            </line>
          </reporter-output>
        </test-method> <!-- projectCreationTest -->
      </class> <!-- com.w2a.testcases.ProjectCreationTest -->
      <class name="com.w2a.testcases.ProjectDeletionTest">
        <test-method signature="projectDeletionTest(java.lang.String)[pri:0, instance:com.w2a.testcases.ProjectDeletionTest@751d3241]" started-at="2024-10-15T04:50:01 IST" name="projectDeletionTest" data-provider="dataProvider" finished-at="2024-10-15T04:50:33 IST" duration-ms="32498" status="FAIL">
          <params>
            <param index="0">
              <value>
                <![CDATA[P00005]]>
              </value>
            </param>
          </params>
          <exception class="java.lang.Error">
            <message>
              <![CDATA[Specified Project Id didn't got deleted from Table]]>
            </message>
            <full-stacktrace>
              <![CDATA[java.lang.Error: Specified Project Id didn't got deleted from Table
at com.w2a.testcases.ProjectDeletionTest.projectDeletionTest(ProjectDeletionTest.java:85)
at java.base/jdk.internal.reflect.DirectMethodHandleAccessor.invoke(DirectMethodHandleAccessor.java:103)
at java.base/java.lang.reflect.Method.invoke(Method.java:580)
at org.testng.internal.MethodInvocationHelper.invokeMethod(MethodInvocationHelper.java:133)
at org.testng.internal.TestInvoker.invokeMethod(TestInvoker.java:598)
at org.testng.internal.TestInvoker.invokeTestMethod(TestInvoker.java:173)
at org.testng.internal.MethodRunner.runInSequence(MethodRunner.java:46)
at org.testng.internal.TestInvoker$MethodInvocationAgent.invoke(TestInvoker.java:824)
at org.testng.internal.TestInvoker.invokeTestMethods(TestInvoker.java:146)
at org.testng.internal.TestMethodWorker.invokeTestMethods(TestMethodWorker.java:146)
at org.testng.internal.TestMethodWorker.run(TestMethodWorker.java:128)
at java.base/java.util.ArrayList.forEach(ArrayList.java:1597)
at org.testng.TestRunner.privateRun(TestRunner.java:794)
at org.testng.TestRunner.run(TestRunner.java:596)
at org.testng.SuiteRunner.runTest(SuiteRunner.java:377)
at org.testng.SuiteRunner.runSequentially(SuiteRunner.java:371)
at org.testng.SuiteRunner.privateRun(SuiteRunner.java:332)
at org.testng.SuiteRunner.run(SuiteRunner.java:276)
at org.testng.SuiteRunnerWorker.runSuite(SuiteRunnerWorker.java:53)
at org.testng.SuiteRunnerWorker.run(SuiteRunnerWorker.java:96)
at org.testng.TestNG.runSuitesSequentially(TestNG.java:1212)
at org.testng.TestNG.runSuitesLocally(TestNG.java:1134)
at org.testng.TestNG.runSuites(TestNG.java:1063)
at org.testng.TestNG.run(TestNG.java:1031)
at org.testng.remote.AbstractRemoteTestNG.run(AbstractRemoteTestNG.java:115)
at org.testng.remote.RemoteTestNG.initAndRun(RemoteTestNG.java:293)
at org.testng.remote.RemoteTestNG.main(RemoteTestNG.java:91)
]]>
            </full-stacktrace>
          </exception> <!-- java.lang.Error -->
          <reporter-output>
            <line>
              <![CDATA[Click on Project Navigation bar ]]>
            </line>
            <line>
              <![CDATA[Waiting for project page to load ]]>
            </line>
            <line>
              <![CDATA[Click on nav-bar to display the view of projects]]>
            </line>
            <line>
              <![CDATA[Enter Project Id in search bar]]>
            </line>
            <line>
              <![CDATA[Specified Project Id is  displayed in Table]]>
            </line>
            <line>
              <![CDATA[Click on Project delete button ]]>
            </line>
            <line>
              <![CDATA[Click Project delete button ]]>
            </line>
            <line>
              <![CDATA[Checking project is deleted from table ]]>
            </line>
            <line>
              <![CDATA[Enter Project Id in search bar]]>
            </line>
            <line>
              <![CDATA[Specified Project Id didn't got deleted from Table]]>
            </line>
            <line>
              <![CDATA[Click to see screenshot]]>
            </line>
            <line>
              <![CDATA[<a target="_blank" href=Tue_Oct_15_04_50_33_IST_2024.jpg>Screenshot</a>]]>
            </line>
            <line>
              <![CDATA[<br>]]>
            </line>
            <line>
              <![CDATA[<br>]]>
            </line>
            <line>
              <![CDATA[<a target="_blank" href=Tue_Oct_15_04_50_33_IST_2024.jpg><img src=Tue_Oct_15_04_50_33_IST_2024.jpg></a>]]>
            </line>
          </reporter-output>
        </test-method> <!-- projectDeletionTest -->
      </class> <!-- com.w2a.testcases.ProjectDeletionTest -->
    </test> <!-- zipBoardAutomationTest -->
  </suite> <!-- zipBoardTestAutomationFramework -->
</testng-results>
